<?xml version="1.0" encoding="UTF-8"?>
<!-- Generated by org.testng.reporters.JUnitReportReporter -->
<testsuite name="com.testcases.ShopingTC2" tests="1" time="66.156" ignored="0" failures="0" timestamp="23 May 2020 15:18:10 GMT" skipped="0" hostname="Darshan" errors="0">
  <testcase name="shopping" time="66.156" classname="com.testcases.ShopingTC2"/>
</testsuite> <!-- com.testcases.ShopingTC2 -->
